<?xml version="1.0" encoding="UTF-8"?>
<testsuite name="com.example.musica.MusicaApplicationTests" tests="1" skipped="0" failures="0" errors="0" timestamp="2023-06-13T22:02:50" hostname="WASHE" time="1.099">
  <properties/>
  <testcase name="contextLoads()" classname="com.example.musica.MusicaApplicationTests" time="1.099"/>
  <system-out><![CDATA[17:02:43.831 [Test worker] DEBUG org.springframework.boot.test.context.SpringBootTestContextBootstrapper -- Neither @ContextConfiguration nor @ContextHierarchy found for test class [MusicaApplicationTests]: using SpringBootContextLoader
17:02:43.846 [Test worker] DEBUG org.springframework.test.context.support.AbstractContextLoader -- Could not detect default resource locations for test class [com.example.musica.MusicaApplicationTests]: no resource found for suffixes {-context.xml, Context.groovy}.
17:02:43.848 [Test worker] INFO org.springframework.test.context.support.AnnotationConfigContextLoaderUtils -- Could not detect default configuration classes for test class [com.example.musica.MusicaApplicationTests]: MusicaApplicationTests does not declare any static, non-private, non-final, nested classes annotated with @Configuration.
17:02:43.956 [Test worker] DEBUG org.springframework.boot.test.context.SpringBootTestContextBootstrapper -- Using ContextCustomizers for test class [MusicaApplicationTests]: [DisableObservabilityContextCustomizer, PropertyMappingContextCustomizer, Customizer, ExcludeFilterContextCustomizer, DuplicateJsonObjectContextCustomizer, MockitoContextCustomizer, TestRestTemplateContextCustomizer, WebTestClientContextCustomizer]
17:02:44.243 [Test worker] DEBUG org.springframework.context.annotation.ClassPathScanningCandidateComponentProvider -- Identified candidate component class: file [C:\Users\Usuario\Desktop\ingenieria-software-team\musica\musica\build\classes\java\main\com\example\musica\MusicaApplication.class]
17:02:44.278 [Test worker] INFO org.springframework.boot.test.context.SpringBootTestContextBootstrapper -- Found @SpringBootConfiguration com.example.musica.MusicaApplication for test class com.example.musica.MusicaApplicationTests
17:02:44.670 [Test worker] DEBUG org.springframework.test.context.util.TestContextSpringFactoriesUtils -- Skipping candidate TestExecutionListener [org.springframework.test.context.transaction.TransactionalTestExecutionListener] due to a missing dependency. Specify custom TestExecutionListener classes or make the default TestExecutionListener classes and their required dependencies available. Offending class: [org/springframework/transaction/interceptor/TransactionAttributeSource]
17:02:44.673 [Test worker] DEBUG org.springframework.test.context.util.TestContextSpringFactoriesUtils -- Skipping candidate TestExecutionListener [org.springframework.test.context.jdbc.SqlScriptsTestExecutionListener] due to a missing dependency. Specify custom TestExecutionListener classes or make the default TestExecutionListener classes and their required dependencies available. Offending class: [org/springframework/transaction/interceptor/TransactionAttribute]
17:02:44.679 [Test worker] DEBUG org.springframework.boot.test.context.SpringBootTestContextBootstrapper -- Using TestExecutionListeners for test class [MusicaApplicationTests]: [ServletTestExecutionListener, DirtiesContextBeforeModesTestExecutionListener, ApplicationEventsTestExecutionListener, MockitoTestExecutionListener, DependencyInjectionTestExecutionListener, DirtiesContextTestExecutionListener, EventPublishingTestExecutionListener, RestDocsTestExecutionListener, MockRestServiceServerResetTestExecutionListener, MockMvcPrintOnlyOnFailureTestExecutionListener, WebDriverTestExecutionListener, MockWebServiceServerTestExecutionListener, ResetMocksTestExecutionListener]
17:02:44.682 [Test worker] DEBUG org.springframework.test.context.support.AbstractDirtiesContextTestExecutionListener -- Before test class: class [MusicaApplicationTests], class annotated with @DirtiesContext [false] with mode [null]

  .   ____          _            __ _ _
 /\\ / ___'_ __ _ _(_)_ __  __ _ \ \ \ \
( ( )\___ | '_ | '_| | '_ \/ _` | \ \ \ \
 \\/  ___)| |_)| | | | | || (_| |  ) ) ) )
  '  |____| .__|_| |_|_| |_\__, | / / / /
 =========|_|==============|___/=/_/_/_/
 :: Spring Boot ::                (v3.0.6)

2023-06-13T17:02:45.519-05:00  INFO 9592 --- [    Test worker] c.example.musica.MusicaApplicationTests  : Starting MusicaApplicationTests using Java 17.0.2 with PID 9592 (started by Usuario in C:\Users\Usuario\Desktop\ingenieria-software-team\musica\musica)
2023-06-13T17:02:45.522-05:00  INFO 9592 --- [    Test worker] c.example.musica.MusicaApplicationTests  : No active profile set, falling back to 1 default profile: "default"
2023-06-13T17:02:49.642-05:00  INFO 9592 --- [    Test worker] o.s.b.a.w.s.WelcomePageHandlerMapping    : Adding welcome page template: index
2023-06-13T17:02:50.006-05:00  INFO 9592 --- [    Test worker] c.example.musica.MusicaApplicationTests  : Started MusicaApplicationTests in 5.215 seconds (process running for 9.791)
]]></system-out>
  <system-err><![CDATA[]]></system-err>
</testsuite>
