<?xml version="1.0" encoding="UTF-8"?>
<testsuite name="com.example.musica.MusicaApplicationTests" tests="1" skipped="0" failures="0" errors="0" timestamp="2023-06-14T04:24:44" hostname="LAPTOP-5G461NPF" time="1.096">
  <properties/>
  <testcase name="contextLoads()" classname="com.example.musica.MusicaApplicationTests" time="1.096"/>
  <system-out><![CDATA[23:24:40.595 [Test worker] DEBUG org.springframework.boot.test.context.SpringBootTestContextBootstrapper -- Neither @ContextConfiguration nor @ContextHierarchy found for test class [MusicaApplicationTests]: using SpringBootContextLoader
23:24:40.608 [Test worker] DEBUG org.springframework.test.context.support.AbstractContextLoader -- Could not detect default resource locations for test class [com.example.musica.MusicaApplicationTests]: no resource found for suffixes {-context.xml, Context.groovy}.
23:24:40.610 [Test worker] INFO org.springframework.test.context.support.AnnotationConfigContextLoaderUtils -- Could not detect default configuration classes for test class [com.example.musica.MusicaApplicationTests]: MusicaApplicationTests does not declare any static, non-private, non-final, nested classes annotated with @Configuration.
23:24:40.654 [Test worker] DEBUG org.springframework.boot.test.context.SpringBootTestContextBootstrapper -- Using ContextCustomizers for test class [MusicaApplicationTests]: [DisableObservabilityContextCustomizer, PropertyMappingContextCustomizer, Customizer, ExcludeFilterContextCustomizer, DuplicateJsonObjectContextCustomizer, MockitoContextCustomizer, TestRestTemplateContextCustomizer, WebTestClientContextCustomizer]
23:24:40.802 [Test worker] DEBUG org.springframework.context.annotation.ClassPathScanningCandidateComponentProvider -- Identified candidate component class: file [D:\Documents\Universidad\OctavoSemestre\IngenieriaDeSoftware2\Equipo\ingenieria-software-team\musica\musica\build\classes\java\main\com\example\musica\MusicaApplication.class]
23:24:40.804 [Test worker] INFO org.springframework.boot.test.context.SpringBootTestContextBootstrapper -- Found @SpringBootConfiguration com.example.musica.MusicaApplication for test class com.example.musica.MusicaApplicationTests
23:24:40.986 [Test worker] DEBUG org.springframework.test.context.util.TestContextSpringFactoriesUtils -- Skipping candidate TestExecutionListener [org.springframework.test.context.transaction.TransactionalTestExecutionListener] due to a missing dependency. Specify custom TestExecutionListener classes or make the default TestExecutionListener classes and their required dependencies available. Offending class: [org/springframework/transaction/interceptor/TransactionAttributeSource]
23:24:40.988 [Test worker] DEBUG org.springframework.test.context.util.TestContextSpringFactoriesUtils -- Skipping candidate TestExecutionListener [org.springframework.test.context.jdbc.SqlScriptsTestExecutionListener] due to a missing dependency. Specify custom TestExecutionListener classes or make the default TestExecutionListener classes and their required dependencies available. Offending class: [org/springframework/transaction/interceptor/TransactionAttribute]
23:24:40.993 [Test worker] DEBUG org.springframework.boot.test.context.SpringBootTestContextBootstrapper -- Using TestExecutionListeners for test class [MusicaApplicationTests]: [ServletTestExecutionListener, DirtiesContextBeforeModesTestExecutionListener, ApplicationEventsTestExecutionListener, MockitoTestExecutionListener, DependencyInjectionTestExecutionListener, DirtiesContextTestExecutionListener, EventPublishingTestExecutionListener, RestDocsTestExecutionListener, MockRestServiceServerResetTestExecutionListener, MockMvcPrintOnlyOnFailureTestExecutionListener, WebDriverTestExecutionListener, MockWebServiceServerTestExecutionListener, ResetMocksTestExecutionListener]
23:24:40.995 [Test worker] DEBUG org.springframework.test.context.support.AbstractDirtiesContextTestExecutionListener -- Before test class: class [MusicaApplicationTests], class annotated with @DirtiesContext [false] with mode [null]

  .   ____          _            __ _ _
 /\\ / ___'_ __ _ _(_)_ __  __ _ \ \ \ \
( ( )\___ | '_ | '_| | '_ \/ _` | \ \ \ \
 \\/  ___)| |_)| | | | | || (_| |  ) ) ) )
  '  |____| .__|_| |_|_| |_\__, | / / / /
 =========|_|==============|___/=/_/_/_/
 :: Spring Boot ::                (v3.0.6)

2023-06-13T23:24:41.578-05:00  INFO 21416 --- [    Test worker] c.example.musica.MusicaApplicationTests  : Starting MusicaApplicationTests using Java 17.0.2 with PID 21416 (started by neril in D:\Documents\Universidad\OctavoSemestre\IngenieriaDeSoftware2\Equipo\ingenieria-software-team\musica\musica)
2023-06-13T23:24:41.581-05:00  INFO 21416 --- [    Test worker] c.example.musica.MusicaApplicationTests  : No active profile set, falling back to 1 default profile: "default"
2023-06-13T23:24:44.200-05:00  INFO 21416 --- [    Test worker] o.s.b.a.w.s.WelcomePageHandlerMapping    : Adding welcome page template: index
2023-06-13T23:24:44.497-05:00  INFO 21416 --- [    Test worker] c.example.musica.MusicaApplicationTests  : Started MusicaApplicationTests in 3.418 seconds (process running for 5.736)
]]></system-out>
  <system-err><![CDATA[]]></system-err>
</testsuite>
